c:\users\fabian.loayza\documents\git\2d_practica6\project\debug\vc141.pdb
c:\users\fabian.loayza\documents\git\2d_practica6\project\debug\vc141.idb
c:\users\fabian.loayza\documents\git\2d_practica6\project\debug\font.obj
c:\users\fabian.loayza\documents\git\2d_practica6\project\debug\main.obj
c:\users\fabian.loayza\documents\git\2d_practica6\project\debug\sprite.obj
c:\users\fabian.loayza\documents\git\2d_practica6\project\debug\vec2.obj
c:\users\fabian.loayza\documents\git\2d_practica6\project\debug\world.obj
c:\users\fabian.loayza\documents\git\audio_practica1\project\debug\vc141.pdb
c:\users\fabian.loayza\documents\git\audio_practica1\project\debug\vc141.idb
c:\users\fabian.loayza\documents\git\audio_practica1\project\debug\font.obj
c:\users\fabian.loayza\documents\git\audio_practica1\project\debug\main.obj
c:\users\fabian.loayza\documents\git\audio_practica1\project\debug\sprite.obj
c:\users\fabian.loayza\documents\git\audio_practica1\project\debug\vec2.obj
c:\users\fabian.loayza\documents\git\audio_practica1\project\debug\world.obj
c:\users\fabian.loayza\documents\git\audio_practica1\project\debug\audio_buffer.obj
c:\users\fabian.loayza\documents\git\2d_practica6\project\debug\programacion2d.exe
c:\users\fabian.loayza\documents\git\2d_practica6\project\debug\programacion2d.ilk
c:\users\fabian.loayza\documents\git\2d_practica6\project\debug\programacion2d.pdb
c:\users\fabian.loayza\documents\git\audio_practica1\project\debug\programacion2d.exe
c:\users\fabian.loayza\documents\git\audio_practica1\project\debug\programacion2d.ilk
c:\users\fabian.loayza\documents\git\audio_practica1\project\debug\programacion2d.pdb
c:\users\fabian.loayza\documents\git\audio_practica1\project\debug\programacion2d.tlog\cl.command.1.tlog
c:\users\fabian.loayza\documents\git\audio_practica1\project\debug\programacion2d.tlog\cl.read.1.tlog
c:\users\fabian.loayza\documents\git\audio_practica1\project\debug\programacion2d.tlog\cl.write.1.tlog
c:\users\fabian.loayza\documents\git\audio_practica1\project\debug\programacion2d.tlog\link-cvtres.read.1.tlog
c:\users\fabian.loayza\documents\git\audio_practica1\project\debug\programacion2d.tlog\link-cvtres.write.1.tlog
c:\users\fabian.loayza\documents\git\audio_practica1\project\debug\programacion2d.tlog\link-rc.read.1.tlog
c:\users\fabian.loayza\documents\git\audio_practica1\project\debug\programacion2d.tlog\link-rc.write.1.tlog
c:\users\fabian.loayza\documents\git\audio_practica1\project\debug\programacion2d.tlog\link.106400-cvtres.read.1.tlog
c:\users\fabian.loayza\documents\git\audio_practica1\project\debug\programacion2d.tlog\link.106400-cvtres.write.1.tlog
c:\users\fabian.loayza\documents\git\audio_practica1\project\debug\programacion2d.tlog\link.106400-rc.read.1.tlog
c:\users\fabian.loayza\documents\git\audio_practica1\project\debug\programacion2d.tlog\link.106400-rc.write.1.tlog
c:\users\fabian.loayza\documents\git\audio_practica1\project\debug\programacion2d.tlog\link.106400.read.1.tlog
c:\users\fabian.loayza\documents\git\audio_practica1\project\debug\programacion2d.tlog\link.106400.write.1.tlog
c:\users\fabian.loayza\documents\git\audio_practica1\project\debug\programacion2d.tlog\link.command.1.tlog
c:\users\fabian.loayza\documents\git\audio_practica1\project\debug\programacion2d.tlog\link.read.1.tlog
c:\users\fabian.loayza\documents\git\audio_practica1\project\debug\programacion2d.tlog\link.write.1.tlog
